2023-03-27 14:07:47 [scrapy.utils.log] INFO: Scrapy 2.8.0 started (bot: scraper)
2023-03-27 14:07:47 [scrapy.utils.log] INFO: Versions: lxml 4.9.2.0, libxml2 2.9.14, cssselect 1.2.0, parsel 1.7.0, w3lib 2.1.1, Twisted 22.10.0, Python 3.10.6 (main, Nov 14 2022, 16:10:14) [GCC 11.3.0], pyOpenSSL 23.0.0 (OpenSSL 3.0.7 1 Nov 2022), cryptography 39.0.0, Platform Linux-5.15.90.1-microsoft-standard-WSL2-x86_64-with-glibc2.35
2023-03-27 14:07:47 [scrapy.crawler] INFO: Overridden settings:
{'BOT_NAME': 'scraper',
 'DOWNLOAD_DELAY': 0.25,
 'FEED_EXPORT_ENCODING': 'utf-8',
 'LOG_FILE': 'logs/default/otodom/bda6d12ecca811edba0300155d7be260.log',
 'NEWSPIDER_MODULE': 'scraper.spiders',
 'SPIDER_MODULES': ['scraper.spiders'],
 'TWISTED_REACTOR': 'twisted.internet.asyncioreactor.AsyncioSelectorReactor',
 'USER_AGENT': 'Mozilla/5.0 (Windows NT 10.0; Win64; x64; rv:109.0) '
               'Gecko/20100101 Firefox/109.0'}
2023-03-27 14:07:47 [py.warnings] WARNING: /home/janek/python/experiments/venv/lib/python3.10/site-packages/scrapy/utils/request.py:232: ScrapyDeprecationWarning: '2.6' is a deprecated value for the 'REQUEST_FINGERPRINTER_IMPLEMENTATION' setting.

It is also the default value. In other words, it is normal to get this warning if you have not defined a value for the 'REQUEST_FINGERPRINTER_IMPLEMENTATION' setting. This is so for backward compatibility reasons, but it will change in a future version of Scrapy.

See the documentation of the 'REQUEST_FINGERPRINTER_IMPLEMENTATION' setting for information on how to handle this deprecation.
  return cls(crawler)

2023-03-27 14:07:47 [asyncio] DEBUG: Using selector: EpollSelector
2023-03-27 14:07:47 [scrapy.utils.log] DEBUG: Using reactor: twisted.internet.asyncioreactor.AsyncioSelectorReactor
2023-03-27 14:07:47 [scrapy.utils.log] DEBUG: Using asyncio event loop: asyncio.unix_events._UnixSelectorEventLoop
2023-03-27 14:07:47 [scrapy.extensions.telnet] INFO: Telnet Password: 9cd18e2e23144d9c
2023-03-27 14:07:47 [scrapy.middleware] INFO: Enabled extensions:
['scrapy.extensions.corestats.CoreStats',
 'scrapy.extensions.telnet.TelnetConsole',
 'scrapy.extensions.memusage.MemoryUsage',
 'scrapy.extensions.logstats.LogStats']
2023-03-27 14:07:48 [scrapy.middleware] INFO: Enabled downloader middlewares:
['scrapy.downloadermiddlewares.httpauth.HttpAuthMiddleware',
 'scrapy.downloadermiddlewares.downloadtimeout.DownloadTimeoutMiddleware',
 'scrapy.downloadermiddlewares.defaultheaders.DefaultHeadersMiddleware',
 'scrapy.downloadermiddlewares.useragent.UserAgentMiddleware',
 'scrapy.downloadermiddlewares.retry.RetryMiddleware',
 'scrapy.downloadermiddlewares.redirect.MetaRefreshMiddleware',
 'scrapy.downloadermiddlewares.httpcompression.HttpCompressionMiddleware',
 'scrapy.downloadermiddlewares.redirect.RedirectMiddleware',
 'scrapy.downloadermiddlewares.cookies.CookiesMiddleware',
 'scrapy.downloadermiddlewares.httpproxy.HttpProxyMiddleware',
 'scrapy.downloadermiddlewares.stats.DownloaderStats']
2023-03-27 14:07:48 [scrapy.middleware] INFO: Enabled spider middlewares:
['scrapy.spidermiddlewares.httperror.HttpErrorMiddleware',
 'scrapy.spidermiddlewares.offsite.OffsiteMiddleware',
 'scrapy.spidermiddlewares.referer.RefererMiddleware',
 'scrapy.spidermiddlewares.urllength.UrlLengthMiddleware',
 'scrapy.spidermiddlewares.depth.DepthMiddleware']
2023-03-27 14:07:48 [scrapy.middleware] INFO: Enabled item pipelines:
['scraper.pipelines.ScraperPipeline']
2023-03-27 14:07:48 [scrapy.core.engine] INFO: Spider opened
2023-03-27 14:07:48 [scrapy.extensions.logstats] INFO: Crawled 0 pages (at 0 pages/min), scraped 0 items (at 0 items/min)
2023-03-27 14:07:48 [scrapy.extensions.telnet] INFO: Telnet console listening on 127.0.0.1:6023
2023-03-27 14:07:48 [scrapy.downloadermiddlewares.redirect] DEBUG: Redirecting (301) to <GET https://www.otodom.pl/pl/oferty/sprzedaz/mieszkanie/jaktorow?distanceRadius=0&market=ALL&viewType=listing&lang=pl&searchingCriteria=sprzedaz&priceMax=300000&page=1&limit=24> from <GET http://www.otodom.pl/pl/oferty/sprzedaz/mieszkanie/jaktorow?distanceRadius=0&market=ALL&viewType=listing&lang=pl&searchingCriteria=sprzedaz&priceMax=300000&page=1&limit=24>
2023-03-27 14:07:48 [scrapy.core.engine] DEBUG: Crawled (200) <GET https://www.otodom.pl/pl/oferty/sprzedaz/mieszkanie/jaktorow?distanceRadius=0&market=ALL&viewType=listing&lang=pl&searchingCriteria=sprzedaz&priceMax=300000&page=1&limit=24> (referer: None)
2023-03-27 14:07:49 [scrapy.downloadermiddlewares.redirect] DEBUG: Redirecting (301) to <GET https://www.otodom.pl/62983737> from <GET http://www.otodom.pl/62983737>
2023-03-27 14:07:49 [scrapy.downloadermiddlewares.redirect] DEBUG: Redirecting (301) to <GET https://www.otodom.pl/62983737/> from <GET https://www.otodom.pl/62983737>
2023-03-27 14:07:49 [scrapy.downloadermiddlewares.redirect] DEBUG: Redirecting (301) to <GET https://www.otodom.pl/pl/oferta/mieszkanie-44-m-jaktorow-ID4ggVJ.html> from <GET https://www.otodom.pl/62983737/>
2023-03-27 14:07:49 [scrapy.core.engine] DEBUG: Crawled (200) <GET https://www.otodom.pl/pl/oferta/mieszkanie-44-m-jaktorow-ID4ggVJ.html> (referer: None)
2023-03-27 14:07:50 [scrapy.core.scraper] DEBUG: Scraped from <200 https://www.otodom.pl/pl/oferta/mieszkanie-44-m-jaktorow-ID4ggVJ.html>
{'scrapyd_job_id': 'bda6d12ecca811edba0300155d7be260', 'service_id': 62983737, 'service_name': 'otodom', 'title': 'Mieszkanie, 44 m², Jaktorów', 'price': 190000, 'location': 'jaktorow, powiat-grodziski-mazowieckie, mazowieckie', 'description': '<p><br/>Do sprzedaży mieszkanie w Jaktorowie o powierzchni 44 m2, składające sie z pokoju z anekesm kuchennym, sypialni, łazienki oraz korytarza, usytowane na parterze w jednopiętrowym budynku wybudowanym z cegły w latach piędziesiątych. Do mieszkania przynależy komórka o powierzchni 25 m2, dwie piwnice każda po 20 m2 oraz udział 1/7 w działce o powierzchni 3173 m2. Jest woda i kanalizacja miejska, gaz jest w ulicy. Na grunt i lokal są założone odrębne Księgi Wieczyste. </p><p><strong>BRAK CZYNSZU - opłaty tylko licznikowe</strong>.</p><p>Mieszkanie do remontu.<br/>::LINK DO STRONY <br/></p><p>::KONTAKT DO AGENTA <br/>Teresa Szałaj<br/>500055634<br/></p><p>Pośrednik odpowiedzialny zawodowo za wykonanie umowy pośrednictwa: Anna Jankowska (licencja nr: 15854)</p><p> </p>', 'area': '44', 'floor': None, 'number_of_rooms': 2, 'type_of_property': 'mieszkanie', 'type_of_building': None, 'create_date': datetime.datetime(2022, 4, 13, 16, 30, 49, tzinfo=datetime.timezone(datetime.timedelta(seconds=7200))), 'modify_date': datetime.datetime(2023, 3, 24, 1, 55, 15, tzinfo=datetime.timezone(datetime.timedelta(seconds=3600)))}
2023-03-27 14:07:50 [scrapy.core.engine] INFO: Closing spider (finished)
2023-03-27 14:07:50 [scrapy.statscollectors] INFO: Dumping Scrapy stats:
{'downloader/request_bytes': 2870,
 'downloader/request_count': 6,
 'downloader/request_method_count/GET': 6,
 'downloader/response_bytes': 92565,
 'downloader/response_count': 6,
 'downloader/response_status_count/200': 2,
 'downloader/response_status_count/301': 4,
 'elapsed_time_seconds': 2.05629,
 'finish_reason': 'finished',
 'finish_time': datetime.datetime(2023, 3, 27, 14, 7, 50, 309387),
 'httpcompression/response_bytes': 435738,
 'httpcompression/response_count': 2,
 'item_scraped_count': 1,
 'log_count/DEBUG': 10,
 'log_count/INFO': 10,
 'log_count/WARNING': 1,
 'memusage/max': 78995456,
 'memusage/startup': 78995456,
 'request_depth_max': 1,
 'response_received_count': 2,
 'scheduler/dequeued': 6,
 'scheduler/dequeued/memory': 6,
 'scheduler/enqueued': 6,
 'scheduler/enqueued/memory': 6,
 'start_time': datetime.datetime(2023, 3, 27, 14, 7, 48, 253097)}
2023-03-27 14:07:50 [scrapy.core.engine] INFO: Spider closed (finished)
