2023-03-27 14:08:11 [scrapy.utils.log] INFO: Scrapy 2.8.0 started (bot: scraper)
2023-03-27 14:08:11 [scrapy.utils.log] INFO: Versions: lxml 4.9.2.0, libxml2 2.9.14, cssselect 1.2.0, parsel 1.7.0, w3lib 2.1.1, Twisted 22.10.0, Python 3.10.6 (main, Nov 14 2022, 16:10:14) [GCC 11.3.0], pyOpenSSL 23.0.0 (OpenSSL 3.0.7 1 Nov 2022), cryptography 39.0.0, Platform Linux-5.15.90.1-microsoft-standard-WSL2-x86_64-with-glibc2.35
2023-03-27 14:08:11 [scrapy.crawler] INFO: Overridden settings:
{'BOT_NAME': 'scraper',
 'DOWNLOAD_DELAY': 0.25,
 'FEED_EXPORT_ENCODING': 'utf-8',
 'LOG_FILE': 'logs/default/otodom/cccbc9b6cca811edba0300155d7be260.log',
 'NEWSPIDER_MODULE': 'scraper.spiders',
 'SPIDER_MODULES': ['scraper.spiders'],
 'TWISTED_REACTOR': 'twisted.internet.asyncioreactor.AsyncioSelectorReactor',
 'USER_AGENT': 'Mozilla/5.0 (Windows NT 10.0; Win64; x64; rv:109.0) '
               'Gecko/20100101 Firefox/109.0'}
2023-03-27 14:08:11 [py.warnings] WARNING: /home/janek/python/experiments/venv/lib/python3.10/site-packages/scrapy/utils/request.py:232: ScrapyDeprecationWarning: '2.6' is a deprecated value for the 'REQUEST_FINGERPRINTER_IMPLEMENTATION' setting.

It is also the default value. In other words, it is normal to get this warning if you have not defined a value for the 'REQUEST_FINGERPRINTER_IMPLEMENTATION' setting. This is so for backward compatibility reasons, but it will change in a future version of Scrapy.

See the documentation of the 'REQUEST_FINGERPRINTER_IMPLEMENTATION' setting for information on how to handle this deprecation.
  return cls(crawler)

2023-03-27 14:08:11 [asyncio] DEBUG: Using selector: EpollSelector
2023-03-27 14:08:11 [scrapy.utils.log] DEBUG: Using reactor: twisted.internet.asyncioreactor.AsyncioSelectorReactor
2023-03-27 14:08:11 [scrapy.utils.log] DEBUG: Using asyncio event loop: asyncio.unix_events._UnixSelectorEventLoop
2023-03-27 14:08:11 [scrapy.extensions.telnet] INFO: Telnet Password: 39b06a8ef13f0626
2023-03-27 14:08:11 [scrapy.middleware] INFO: Enabled extensions:
['scrapy.extensions.corestats.CoreStats',
 'scrapy.extensions.telnet.TelnetConsole',
 'scrapy.extensions.memusage.MemoryUsage',
 'scrapy.extensions.logstats.LogStats']
2023-03-27 14:08:11 [scrapy.middleware] INFO: Enabled downloader middlewares:
['scrapy.downloadermiddlewares.httpauth.HttpAuthMiddleware',
 'scrapy.downloadermiddlewares.downloadtimeout.DownloadTimeoutMiddleware',
 'scrapy.downloadermiddlewares.defaultheaders.DefaultHeadersMiddleware',
 'scrapy.downloadermiddlewares.useragent.UserAgentMiddleware',
 'scrapy.downloadermiddlewares.retry.RetryMiddleware',
 'scrapy.downloadermiddlewares.redirect.MetaRefreshMiddleware',
 'scrapy.downloadermiddlewares.httpcompression.HttpCompressionMiddleware',
 'scrapy.downloadermiddlewares.redirect.RedirectMiddleware',
 'scrapy.downloadermiddlewares.cookies.CookiesMiddleware',
 'scrapy.downloadermiddlewares.httpproxy.HttpProxyMiddleware',
 'scrapy.downloadermiddlewares.stats.DownloaderStats']
2023-03-27 14:08:11 [scrapy.middleware] INFO: Enabled spider middlewares:
['scrapy.spidermiddlewares.httperror.HttpErrorMiddleware',
 'scrapy.spidermiddlewares.offsite.OffsiteMiddleware',
 'scrapy.spidermiddlewares.referer.RefererMiddleware',
 'scrapy.spidermiddlewares.urllength.UrlLengthMiddleware',
 'scrapy.spidermiddlewares.depth.DepthMiddleware']
2023-03-27 14:08:11 [scrapy.middleware] INFO: Enabled item pipelines:
['scraper.pipelines.ScraperPipeline']
2023-03-27 14:08:11 [scrapy.core.engine] INFO: Spider opened
2023-03-27 14:08:11 [scrapy.extensions.logstats] INFO: Crawled 0 pages (at 0 pages/min), scraped 0 items (at 0 items/min)
2023-03-27 14:08:11 [scrapy.extensions.telnet] INFO: Telnet console listening on 127.0.0.1:6023
2023-03-27 14:08:11 [scrapy.downloadermiddlewares.redirect] DEBUG: Redirecting (301) to <GET https://www.otodom.pl/pl/oferty/sprzedaz/dom/jaktorow?distanceRadius=0&market=ALL&viewType=listing&lang=pl&searchingCriteria=sprzedaz&priceMax=300000&page=1&limit=24> from <GET http://www.otodom.pl/pl/oferty/sprzedaz/dom/jaktorow?distanceRadius=0&market=ALL&viewType=listing&lang=pl&searchingCriteria=sprzedaz&priceMax=300000&page=1&limit=24>
2023-03-27 14:08:12 [scrapy.core.engine] DEBUG: Crawled (200) <GET https://www.otodom.pl/pl/oferty/sprzedaz/dom/jaktorow?distanceRadius=0&market=ALL&viewType=listing&lang=pl&searchingCriteria=sprzedaz&priceMax=300000&page=1&limit=24> (referer: None)
2023-03-27 14:08:12 [scrapy.core.engine] INFO: Closing spider (finished)
2023-03-27 14:08:12 [scrapy.statscollectors] INFO: Dumping Scrapy stats:
{'downloader/request_bytes': 804,
 'downloader/request_count': 2,
 'downloader/request_method_count/GET': 2,
 'downloader/response_bytes': 37936,
 'downloader/response_count': 2,
 'downloader/response_status_count/200': 1,
 'downloader/response_status_count/301': 1,
 'elapsed_time_seconds': 0.841723,
 'finish_reason': 'finished',
 'finish_time': datetime.datetime(2023, 3, 27, 14, 8, 12, 788668),
 'httpcompression/response_bytes': 178350,
 'httpcompression/response_count': 1,
 'log_count/DEBUG': 5,
 'log_count/INFO': 10,
 'log_count/WARNING': 1,
 'memusage/max': 79171584,
 'memusage/startup': 79171584,
 'response_received_count': 1,
 'scheduler/dequeued': 2,
 'scheduler/dequeued/memory': 2,
 'scheduler/enqueued': 2,
 'scheduler/enqueued/memory': 2,
 'start_time': datetime.datetime(2023, 3, 27, 14, 8, 11, 946945)}
2023-03-27 14:08:12 [scrapy.core.engine] INFO: Spider closed (finished)
