2023-03-27 14:08:31 [scrapy.utils.log] INFO: Scrapy 2.8.0 started (bot: scraper)
2023-03-27 14:08:31 [scrapy.utils.log] INFO: Versions: lxml 4.9.2.0, libxml2 2.9.14, cssselect 1.2.0, parsel 1.7.0, w3lib 2.1.1, Twisted 22.10.0, Python 3.10.6 (main, Nov 14 2022, 16:10:14) [GCC 11.3.0], pyOpenSSL 23.0.0 (OpenSSL 3.0.7 1 Nov 2022), cryptography 39.0.0, Platform Linux-5.15.90.1-microsoft-standard-WSL2-x86_64-with-glibc2.35
2023-03-27 14:08:31 [scrapy.crawler] INFO: Overridden settings:
{'BOT_NAME': 'scraper',
 'DOWNLOAD_DELAY': 0.25,
 'FEED_EXPORT_ENCODING': 'utf-8',
 'LOG_FILE': 'logs/default/otodom/d7a10f4acca811edba0300155d7be260.log',
 'NEWSPIDER_MODULE': 'scraper.spiders',
 'SPIDER_MODULES': ['scraper.spiders'],
 'TWISTED_REACTOR': 'twisted.internet.asyncioreactor.AsyncioSelectorReactor',
 'USER_AGENT': 'Mozilla/5.0 (Windows NT 10.0; Win64; x64; rv:109.0) '
               'Gecko/20100101 Firefox/109.0'}
2023-03-27 14:08:31 [py.warnings] WARNING: /home/janek/python/experiments/venv/lib/python3.10/site-packages/scrapy/utils/request.py:232: ScrapyDeprecationWarning: '2.6' is a deprecated value for the 'REQUEST_FINGERPRINTER_IMPLEMENTATION' setting.

It is also the default value. In other words, it is normal to get this warning if you have not defined a value for the 'REQUEST_FINGERPRINTER_IMPLEMENTATION' setting. This is so for backward compatibility reasons, but it will change in a future version of Scrapy.

See the documentation of the 'REQUEST_FINGERPRINTER_IMPLEMENTATION' setting for information on how to handle this deprecation.
  return cls(crawler)

2023-03-27 14:08:31 [asyncio] DEBUG: Using selector: EpollSelector
2023-03-27 14:08:31 [scrapy.utils.log] DEBUG: Using reactor: twisted.internet.asyncioreactor.AsyncioSelectorReactor
2023-03-27 14:08:31 [scrapy.utils.log] DEBUG: Using asyncio event loop: asyncio.unix_events._UnixSelectorEventLoop
2023-03-27 14:08:31 [scrapy.extensions.telnet] INFO: Telnet Password: 81614fa9a2479ece
2023-03-27 14:08:31 [scrapy.middleware] INFO: Enabled extensions:
['scrapy.extensions.corestats.CoreStats',
 'scrapy.extensions.telnet.TelnetConsole',
 'scrapy.extensions.memusage.MemoryUsage',
 'scrapy.extensions.logstats.LogStats']
2023-03-27 14:08:31 [scrapy.middleware] INFO: Enabled downloader middlewares:
['scrapy.downloadermiddlewares.httpauth.HttpAuthMiddleware',
 'scrapy.downloadermiddlewares.downloadtimeout.DownloadTimeoutMiddleware',
 'scrapy.downloadermiddlewares.defaultheaders.DefaultHeadersMiddleware',
 'scrapy.downloadermiddlewares.useragent.UserAgentMiddleware',
 'scrapy.downloadermiddlewares.retry.RetryMiddleware',
 'scrapy.downloadermiddlewares.redirect.MetaRefreshMiddleware',
 'scrapy.downloadermiddlewares.httpcompression.HttpCompressionMiddleware',
 'scrapy.downloadermiddlewares.redirect.RedirectMiddleware',
 'scrapy.downloadermiddlewares.cookies.CookiesMiddleware',
 'scrapy.downloadermiddlewares.httpproxy.HttpProxyMiddleware',
 'scrapy.downloadermiddlewares.stats.DownloaderStats']
2023-03-27 14:08:31 [scrapy.middleware] INFO: Enabled spider middlewares:
['scrapy.spidermiddlewares.httperror.HttpErrorMiddleware',
 'scrapy.spidermiddlewares.offsite.OffsiteMiddleware',
 'scrapy.spidermiddlewares.referer.RefererMiddleware',
 'scrapy.spidermiddlewares.urllength.UrlLengthMiddleware',
 'scrapy.spidermiddlewares.depth.DepthMiddleware']
2023-03-27 14:08:31 [scrapy.middleware] INFO: Enabled item pipelines:
['scraper.pipelines.ScraperPipeline']
2023-03-27 14:08:31 [scrapy.core.engine] INFO: Spider opened
2023-03-27 14:08:32 [scrapy.extensions.logstats] INFO: Crawled 0 pages (at 0 pages/min), scraped 0 items (at 0 items/min)
2023-03-27 14:08:32 [scrapy.extensions.telnet] INFO: Telnet console listening on 127.0.0.1:6023
2023-03-27 14:08:32 [scrapy.downloadermiddlewares.redirect] DEBUG: Redirecting (301) to <GET https://www.otodom.pl/pl/oferty/sprzedaz/dom/jaktorow?distanceRadius=0&market=ALL&viewType=listing&lang=pl&searchingCriteria=sprzedaz&priceMax=400000&page=1&limit=24> from <GET http://www.otodom.pl/pl/oferty/sprzedaz/dom/jaktorow?distanceRadius=0&market=ALL&viewType=listing&lang=pl&searchingCriteria=sprzedaz&priceMax=400000&page=1&limit=24>
2023-03-27 14:08:32 [scrapy.core.engine] DEBUG: Crawled (200) <GET https://www.otodom.pl/pl/oferty/sprzedaz/dom/jaktorow?distanceRadius=0&market=ALL&viewType=listing&lang=pl&searchingCriteria=sprzedaz&priceMax=400000&page=1&limit=24> (referer: None)
2023-03-27 14:08:32 [scrapy.downloadermiddlewares.redirect] DEBUG: Redirecting (301) to <GET https://www.otodom.pl/63812066> from <GET http://www.otodom.pl/63812066>
2023-03-27 14:08:33 [scrapy.downloadermiddlewares.redirect] DEBUG: Redirecting (301) to <GET https://www.otodom.pl/64051834> from <GET http://www.otodom.pl/64051834>
2023-03-27 14:08:33 [scrapy.downloadermiddlewares.redirect] DEBUG: Redirecting (301) to <GET https://www.otodom.pl/63812066/> from <GET https://www.otodom.pl/63812066>
2023-03-27 14:08:33 [scrapy.downloadermiddlewares.redirect] DEBUG: Redirecting (301) to <GET https://www.otodom.pl/64051834/> from <GET https://www.otodom.pl/64051834>
2023-03-27 14:08:34 [scrapy.downloadermiddlewares.redirect] DEBUG: Redirecting (301) to <GET https://www.otodom.pl/pl/oferta/dom-ok-60m2-w-bardzoladbym-rejonie-ID4jKqS.html> from <GET https://www.otodom.pl/63812066/>
2023-03-27 14:08:34 [scrapy.downloadermiddlewares.redirect] DEBUG: Redirecting (301) to <GET https://www.otodom.pl/pl/oferta/dom-ok-60m2-w-bardzoladbym-rejonie-ID4kKO6.html> from <GET https://www.otodom.pl/64051834/>
2023-03-27 14:08:34 [scrapy.core.engine] DEBUG: Crawled (200) <GET https://www.otodom.pl/pl/oferta/dom-ok-60m2-w-bardzoladbym-rejonie-ID4jKqS.html> (referer: None)
2023-03-27 14:08:34 [scrapy.core.scraper] DEBUG: Scraped from <200 https://www.otodom.pl/pl/oferta/dom-ok-60m2-w-bardzoladbym-rejonie-ID4jKqS.html>
{'scrapyd_job_id': 'd7a10f4acca811edba0300155d7be260', 'service_id': 63812066, 'service_name': 'otodom', 'title': 'Dom ok.60m2. w BardzoŁadbym Rejonie.', 'price': 358900, 'location': 'jaktorow, powiat-grodziski-mazowieckie, mazowieckie', 'description': '<p>Przedstawiamy do sprzedaży kompaktowy dom wolnostojący, parterowy o pow. ok. 58 m2 - <strong>STAN SUROWY ZAMKNIETY</strong> zawiera : okna, drzwi, wylewki, dach pokryty papą , wyprowadzone instalacje, częściowo wyrównany teren , ogrodzenie panelowe. </p><p><strong>Zdjęcia przedstawiają poglądowa wizualizację prosimy o wyrozumiałość w ich doborze .</strong><br/>Dom posadowiony na ładnej działce o powierzchni ok. 660m2.</p><p><strong>Rozkład domu jest <br/>następujący:</strong></p><p>- wiatrołap ok 2,80 m2<br/>- salon z aneksem kuchennym ok.31,15 m2<br/>- łazienka ok. 2,85 m2<br/>- poddasze do wygospodarowania na sypialnie w formie antresoli pow. ok 19,60 m2</p><p>Media:<br/>prąd , woda, szambo, gaz w drodze ( planowane przyłącze do gazociągu ) </p><p>Dom usytuowany w bliskiej okolicy Miasta Jaktorów . Pełna infrastruktura miejska , szkoła, przedszkole , stacja PKP w promieniu do 3 km . Okolica nowej zabudowy jednorodzinnej , ciche ustronne miejsce .</p><p>Możliwość doprowadzenia domu do stanu deweloperskiego za dodatkową opłatą - szacowany koszt wynosi ok. 50 000 zł. </p><p>Zapraszamy Serdecznie do kontaktu , oraz na prezentację.</p><p>Treść niniejszego ogłoszenia nie stanowi oferty handlowej w rozumieniu Kodeksu Cywilnego.</p><p></p>', 'area': '57', 'floor': None, 'number_of_rooms': 2, 'type_of_property': 'dom', 'type_of_building': ['detached'], 'create_date': datetime.datetime(2023, 1, 2, 16, 16, 14, tzinfo=datetime.timezone(datetime.timedelta(seconds=3600))), 'modify_date': datetime.datetime(2023, 3, 15, 21, 14, 44, tzinfo=datetime.timezone(datetime.timedelta(seconds=3600)))}
2023-03-27 14:08:35 [scrapy.core.engine] DEBUG: Crawled (200) <GET https://www.otodom.pl/pl/oferta/dom-ok-60m2-w-bardzoladbym-rejonie-ID4kKO6.html> (referer: None)
2023-03-27 14:08:35 [scrapy.core.scraper] DEBUG: Scraped from <200 https://www.otodom.pl/pl/oferta/dom-ok-60m2-w-bardzoladbym-rejonie-ID4kKO6.html>
{'scrapyd_job_id': 'd7a10f4acca811edba0300155d7be260', 'service_id': 64051834, 'service_name': 'otodom', 'title': 'Dom ok.60m2. w BardzoŁadbym Rejonie.', 'price': 358900, 'location': 'jaktorow, powiat-grodziski-mazowieckie, mazowieckie', 'description': '<p>Przedstawiamy do sprzedaży kompaktowy dom wolnostojący, parterowy o pow. ok. 58 m2 - <strong>STAN SUROWY ZAMKNIETY</strong> zawiera : okna, drzwi, wylewki, dach pokryty papą , wyprowadzone instalacje, częściowo wyrównany teren , ogrodzenie panelowe. </p><p><strong>Zdjęcia przedstawiają poglądowa wizualizację prosimy o wyrozumiałość w ich doborze .</strong><br/>Dom posadowiony na ładnej działce o powierzchni ok. 660m2.</p><p><strong>Rozkład domu jest <br/>następujący:</strong></p><p>- wiatrołap ok 2,80 m2<br/>- salon z aneksem kuchennym ok.31,15 m2<br/>- łazienka ok. 2,85 m2<br/>- poddasze do wygospodarowania na sypialnie w formie antresoli pow. ok 19,60 m2</p><p>Media:<br/>prąd , woda, szambo, gaz w drodze ( planowane przyłącze do gazociągu ) </p><p>Dom usytuowany w bliskiej okolicy Miasta Jaktorów . Pełna infrastruktura miejska , szkoła, przedszkole , stacja PKP w promieniu do 3 km . Okolica nowej zabudowy jednorodzinnej , ciche ustronne miejsce .</p><p>Możliwość doprowadzenia domu do stanu deweloperskiego za dodatkową opłatą - szacowany koszt wynosi ok. 50 000 zł. </p><p>Zapraszamy Serdecznie do kontaktu , oraz na prezentację.</p><p>Treść niniejszego ogłoszenia nie stanowi oferty handlowej w rozumieniu Kodeksu Cywilnego.</p><p></p>', 'area': '57', 'floor': None, 'number_of_rooms': 2, 'type_of_property': 'dom', 'type_of_building': ['detached'], 'create_date': datetime.datetime(2023, 3, 19, 19, 5, 24, tzinfo=datetime.timezone(datetime.timedelta(seconds=3600))), 'modify_date': datetime.datetime(2023, 3, 19, 19, 5, 36, tzinfo=datetime.timezone(datetime.timedelta(seconds=3600)))}
2023-03-27 14:08:35 [scrapy.core.engine] INFO: Closing spider (finished)
2023-03-27 14:08:35 [scrapy.statscollectors] INFO: Dumping Scrapy stats:
{'downloader/request_bytes': 5051,
 'downloader/request_count': 10,
 'downloader/request_method_count/GET': 10,
 'downloader/response_bytes': 150557,
 'downloader/response_count': 10,
 'downloader/response_status_count/200': 3,
 'downloader/response_status_count/301': 7,
 'elapsed_time_seconds': 3.162023,
 'finish_reason': 'finished',
 'finish_time': datetime.datetime(2023, 3, 27, 14, 8, 35, 198034),
 'httpcompression/response_bytes': 706330,
 'httpcompression/response_count': 3,
 'item_scraped_count': 2,
 'log_count/DEBUG': 15,
 'log_count/INFO': 10,
 'log_count/WARNING': 1,
 'memusage/max': 79077376,
 'memusage/startup': 79077376,
 'request_depth_max': 1,
 'response_received_count': 3,
 'scheduler/dequeued': 10,
 'scheduler/dequeued/memory': 10,
 'scheduler/enqueued': 10,
 'scheduler/enqueued/memory': 10,
 'start_time': datetime.datetime(2023, 3, 27, 14, 8, 32, 36011)}
2023-03-27 14:08:35 [scrapy.core.engine] INFO: Spider closed (finished)
